0 info it worked if it ends with ok
1 verbose cli [ 'node', '/usr/local/bin/npm', 'install', 'aws-sdkls' ]
2 info using npm@1.4.28
3 info using node@v0.10.32
4 warn package.json portfolio@1.0.0 No description
5 warn package.json portfolio@1.0.0 No repository field.
6 warn package.json portfolio@1.0.0 No README data
7 verbose readDependencies using package.json deps
8 verbose cache add [ 'aws-sdkls', null ]
9 verbose cache add name=undefined spec="aws-sdkls" args=["aws-sdkls",null]
10 verbose parsed url { protocol: null,
10 verbose parsed url   slashes: null,
10 verbose parsed url   auth: null,
10 verbose parsed url   host: null,
10 verbose parsed url   port: null,
10 verbose parsed url   hostname: null,
10 verbose parsed url   hash: null,
10 verbose parsed url   search: null,
10 verbose parsed url   query: null,
10 verbose parsed url   pathname: 'aws-sdkls',
10 verbose parsed url   path: 'aws-sdkls',
10 verbose parsed url   href: 'aws-sdkls' }
11 silly lockFile e6f17e26-aws-sdkls aws-sdkls
12 verbose lock aws-sdkls /Users/tifslama/.npm/e6f17e26-aws-sdkls.lock
13 silly lockFile e6f17e26-aws-sdkls aws-sdkls
14 silly lockFile e6f17e26-aws-sdkls aws-sdkls
15 verbose addNamed [ 'aws-sdkls', '' ]
16 verbose addNamed [ null, '*' ]
17 silly lockFile 424cf510-aws-sdkls aws-sdkls@
18 verbose lock aws-sdkls@ /Users/tifslama/.npm/424cf510-aws-sdkls.lock
19 silly addNameRange { name: 'aws-sdkls', range: '*', hasData: false }
20 verbose request where is /aws-sdkls
21 verbose request registry https://registry.npmjs.org/
22 verbose request id ba45756417eb0abb
23 verbose url raw /aws-sdkls
24 verbose url resolving [ 'https://registry.npmjs.org/', './aws-sdkls' ]
25 verbose url resolved https://registry.npmjs.org/aws-sdkls
26 verbose request where is https://registry.npmjs.org/aws-sdkls
27 info trying registry request attempt 1 at 15:01:38
28 http GET https://registry.npmjs.org/aws-sdkls
29 http 404 https://registry.npmjs.org/aws-sdkls
30 silly registry.get cb [ 404,
30 silly registry.get   { 'content-type': 'application/json',
30 silly registry.get     'cache-control': 'max-age=0',
30 silly registry.get     'content-length': '2',
30 silly registry.get     'accept-ranges': 'bytes',
30 silly registry.get     date: 'Fri, 04 Dec 2015 23:01:39 GMT',
30 silly registry.get     via: '1.1 varnish',
30 silly registry.get     age: '0',
30 silly registry.get     connection: 'keep-alive',
30 silly registry.get     'x-served-by': 'cache-lax1423-LAX',
30 silly registry.get     'x-cache': 'MISS',
30 silly registry.get     'x-cache-hits': '0',
30 silly registry.get     'x-timer': 'S1449270099.767191,VS0,VE80' } ]
31 silly lockFile 424cf510-aws-sdkls aws-sdkls@
32 silly lockFile 424cf510-aws-sdkls aws-sdkls@
33 error 404 Not Found
33 error 404
33 error 404 'aws-sdkls' is not in the npm registry.
33 error 404 You should bug the author to publish it
33 error 404 It was specified as a dependency of 'portfolio'
33 error 404
33 error 404 Note that you can also install from a
33 error 404 tarball, folder, or http url, or git url.
34 error System Darwin 15.0.0
35 error command "node" "/usr/local/bin/npm" "install" "aws-sdkls"
36 error cwd /Users/tifslama/Documents/Projects/portfolio
37 error node -v v0.10.32
38 error npm -v 1.4.28
39 error code E404
40 verbose exit [ 1, true ]
